-------------------------------------------------------------------------------
Test set: runners.TestRunner
-------------------------------------------------------------------------------
Tests run: 5, Failures: 0, Errors: 3, Skipped: 0, Time elapsed: 279.6 s <<< FAILURE! -- in runners.TestRunner
Land on the dahboard screen after login and perform actions on cards, top navigation bar and side navigation bar.Verify whether the user is able to land on the dashboard screen and perform actions on cards and top bar using cards -- Time elapsed: 22.83 s <<< ERROR!
org.openqa.selenium.TimeoutException: 
Expected condition failed: waiting for visibility of element located by By.xpath: //*[@id="bodyContent"]/div[2]/div[2] (tried for 20 second(s) with 500 milliseconds interval)
Build info: version: '4.19.0', revision: '5f9cec8963'
System info: os.name: 'Windows 11', os.arch: 'amd64', os.version: '10.0', java.version: '21.0.6'
Driver info: org.openqa.selenium.chrome.ChromeDriver
Capabilities {acceptInsecureCerts: false, browserName: chrome, browserVersion: 136.0.7103.114, chrome: {chromedriverVersion: 136.0.7103.113 (76fa3c17824..., userDataDir: C:\Users\NagarajR\AppData\L...}, fedcm:accounts: true, goog:chromeOptions: {debuggerAddress: localhost:63037}, networkConnectionEnabled: false, pageLoadStrategy: normal, platformName: windows, proxy: Proxy(), se:cdp: ws://localhost:63037/devtoo..., se:cdpVersion: 136.0.7103.114, setWindowRect: true, strictFileInteractability: false, timeouts: {implicit: 0, pageLoad: 300000, script: 30000}, unhandledPromptBehavior: dismiss and notify, webauthn:extension:credBlob: true, webauthn:extension:largeBlob: true, webauthn:extension:minPinLength: true, webauthn:extension:prf: true, webauthn:virtualAuthenticators: true}
Session ID: 06b2d02407450d5cfbee6c98a0a6c64e
	at org.openqa.selenium.support.ui.WebDriverWait.timeoutException(WebDriverWait.java:84)
	at org.openqa.selenium.support.ui.FluentWait.until(FluentWait.java:228)
	at pages.DashboardPage.waitForElement(DashboardPage.java:32)
	at pages.DashboardPage.navigateTo(DashboardPage.java:39)
	at stepdefinitions.DashboardSteps.user_is_on_the_dashboard_screen(DashboardSteps.java:30)
	at ✽.user is on the dashboard screen(file:///C:/Users/NagarajR/OneDrive%20-%20TheMathCompany%20Private%20Limited/Desktop/WPC/WPC_UI_Automation/WPC_UI_Automation/WPC_UI_Automation/src/test/java/Features/2_Dashboard.feature:6)

Land on the dahboard screen after login and perform actions on cards, top navigation bar and side navigation bar.Verify whether the user is able to land on the dashboard screen and perform actions on cards and top bar using side navigation bar -- Time elapsed: 22.50 s <<< ERROR!
org.openqa.selenium.TimeoutException: 
Expected condition failed: waiting for visibility of element located by By.xpath: //*[@id="bodyContent"]/div[2]/div[2] (tried for 20 second(s) with 500 milliseconds interval)
Build info: version: '4.19.0', revision: '5f9cec8963'
System info: os.name: 'Windows 11', os.arch: 'amd64', os.version: '10.0', java.version: '21.0.6'
Driver info: org.openqa.selenium.chrome.ChromeDriver
Capabilities {acceptInsecureCerts: false, browserName: chrome, browserVersion: 136.0.7103.114, chrome: {chromedriverVersion: 136.0.7103.113 (76fa3c17824..., userDataDir: C:\Users\NagarajR\AppData\L...}, fedcm:accounts: true, goog:chromeOptions: {debuggerAddress: localhost:63153}, networkConnectionEnabled: false, pageLoadStrategy: normal, platformName: windows, proxy: Proxy(), se:cdp: ws://localhost:63153/devtoo..., se:cdpVersion: 136.0.7103.114, setWindowRect: true, strictFileInteractability: false, timeouts: {implicit: 0, pageLoad: 300000, script: 30000}, unhandledPromptBehavior: dismiss and notify, webauthn:extension:credBlob: true, webauthn:extension:largeBlob: true, webauthn:extension:minPinLength: true, webauthn:extension:prf: true, webauthn:virtualAuthenticators: true}
Session ID: 5a989fc64ecdaa1ecefc68d2fe58a31b
	at org.openqa.selenium.support.ui.WebDriverWait.timeoutException(WebDriverWait.java:84)
	at org.openqa.selenium.support.ui.FluentWait.until(FluentWait.java:228)
	at pages.DashboardPage.waitForElement(DashboardPage.java:32)
	at pages.DashboardPage.navigateTo(DashboardPage.java:39)
	at stepdefinitions.DashboardSteps.user_is_on_the_dashboard_screen(DashboardSteps.java:30)
	at ✽.user is on the dashboard screen(file:///C:/Users/NagarajR/OneDrive%20-%20TheMathCompany%20Private%20Limited/Desktop/WPC/WPC_UI_Automation/WPC_UI_Automation/WPC_UI_Automation/src/test/java/Features/2_Dashboard.feature:14)

Land on the Overview screen of the Customer Peer Analysis and perform actions on starting new peer analysis button, saved customer peer selections and saved sensitivity simulation scenario table.Verify whether the user is able to click on the Start New Peer Analysis button and get redirected to the Branch/Customer Selection sub tab under the Selections tab -- Time elapsed: 175.0 s <<< ERROR!
org.openqa.selenium.TimeoutException: 
Expected condition failed: waiting for visibility of element located by By.xpath: //*[@id="node20822356575"]/div[1]/form/div/div[2]/div/button (tried for 20 second(s) with 500 milliseconds interval)
Build info: version: '4.19.0', revision: '5f9cec8963'
System info: os.name: 'Windows 11', os.arch: 'amd64', os.version: '10.0', java.version: '21.0.6'
Driver info: org.openqa.selenium.chrome.ChromeDriver
Capabilities {acceptInsecureCerts: false, browserName: chrome, browserVersion: 136.0.7103.114, chrome: {chromedriverVersion: 136.0.7103.113 (76fa3c17824..., userDataDir: C:\Users\NagarajR\AppData\L...}, fedcm:accounts: true, goog:chromeOptions: {debuggerAddress: localhost:63236}, networkConnectionEnabled: false, pageLoadStrategy: normal, platformName: windows, proxy: Proxy(), se:cdp: ws://localhost:63236/devtoo..., se:cdpVersion: 136.0.7103.114, setWindowRect: true, strictFileInteractability: false, timeouts: {implicit: 0, pageLoad: 300000, script: 30000}, unhandledPromptBehavior: dismiss and notify, webauthn:extension:credBlob: true, webauthn:extension:largeBlob: true, webauthn:extension:minPinLength: true, webauthn:extension:prf: true, webauthn:virtualAuthenticators: true}
Session ID: 145425ecba057c0ef3ee1ea6d5c00ac1
	at org.openqa.selenium.support.ui.WebDriverWait.timeoutException(WebDriverWait.java:84)
	at org.openqa.selenium.support.ui.FluentWait.until(FluentWait.java:228)
	at pages.CPA_OverviewPage.waitForElement(CPA_OverviewPage.java:29)
	at pages.CPA_OverviewPage.navigateTo(CPA_OverviewPage.java:40)
	at stepdefinitions.CPA_OverviewSteps.user_is_on_the_overview_page_of_the_customer_peer_analysis(CPA_OverviewSteps.java:31)
	at ✽.user is on the Overview page of the Customer Peer Analysis(file:///C:/Users/NagarajR/OneDrive%20-%20TheMathCompany%20Private%20Limited/Desktop/WPC/WPC_UI_Automation/WPC_UI_Automation/WPC_UI_Automation/src/test/java/Features/3_CPA_Overview.feature:6)

