<?xml version="1.0" encoding="UTF-8"?>
<testsuite xmlns:xsi="http://www.w3.org/2001/XMLSchema-instance" xsi:noNamespaceSchemaLocation="https://maven.apache.org/surefire/maven-surefire-plugin/xsd/surefire-test-report-3.0.xsd" version="3.0" name="runners.TestRunner" time="279.559" tests="5" errors="3" skipped="0" failures="0">
  <properties>
[...]
</properties>
  <testcase name="Verify user logs in to the WPC - USESI application with valid credentials" classname="Login to WPC - USESI application" time="29.852">
    <system-out><![CDATA[
@Login @validlogin
Scenario: Verify user logs in to the WPC - USESI application with valid credentials # src/test/java/Features/1_Login.feature:4
  Given user is on the login page                                                   # stepdefinitions.LoginSteps.user_is_on_the_login_page()
  When user enters the credentials                                                  # stepdefinitions.LoginSteps.user_enters_the_credentials()
  And user click on the Login button                                                # stepdefinitions.LoginSteps.user_click_on_the_login_button()
--- The Current URL: https://nuclios-demo.mathco.com/app/2082/dashboard
---  The Expected URL: https://nuclios-demo.mathco.com/app/2082/dashboard
--- URL verification successful: You landed on the correct page.
--- Home screen fully loaded.
  Then user lands on the homescreen                                                 # stepdefinitions.LoginSteps.user_lands_on_the_homescreen()
]]></system-out>
    <system-err><![CDATA[[main] INFO io.github.bonigarcia.wdm.WebDriverManager - Using chromedriver 136.0.7103.113 (resolved driver for Chrome 136)
[main] INFO io.github.bonigarcia.wdm.WebDriverManager - Exporting webdriver.chrome.driver as C:\Users\NagarajR\.cache\selenium\chromedriver\win64\136.0.7103.113\chromedriver.exe
Jun 03, 2025 11:53:56 AM org.openqa.selenium.devtools.CdpVersionFinder findNearestMatch
WARNING: Unable to find CDP implementation matching 136
Jun 03, 2025 11:53:56 AM org.openqa.selenium.chromium.ChromiumDriver lambda$new$5
WARNING: Unable to find version of CDP to use for 136.0.7103.114. You may need to include a dependency on a specific version of the CDP using something similar to `org.seleniumhq.selenium:selenium-devtools-v86:4.19.0` where the version ("v86") matches the version of the chromium-based browser you're using and the version number of the artifact is the same as Selenium's.
]]></system-err>
  </testcase>
  <testcase name="Verify user login fails to the WPC - USESI application with invalid credentials" classname="Login to WPC - USESI application" time="27.486">
    <system-out><![CDATA[
@Login @invalidlogin
Scenario: Verify user login fails to the WPC - USESI application with invalid credentials # src/test/java/Features/1_Login.feature:11
  Given user is on the login page                                                         # stepdefinitions.LoginSteps.user_is_on_the_login_page()
 --- For the Invalid Credentials Scenario ---

 --- Invalid Credentials was entered!
  When user enters invalid credentials                                                    # stepdefinitions.LoginSteps.user_enters_invalid_credentials()
  And user click on the Login button                                                      # stepdefinitions.LoginSteps.user_click_on_the_login_button()
No login happended due to Invalid Credentials
  Then user should remain on the login page                                               # stepdefinitions.LoginSteps.user_should_remain_on_the_login_page()
  And an error message should be displayed                                                # stepdefinitions.LoginSteps.an_error_message_should_be_displayed()
]]></system-out>
    <system-err><![CDATA[[main] INFO io.github.bonigarcia.wdm.WebDriverManager - Using chromedriver 136.0.7103.113 (resolved driver for Chrome 136)
[main] INFO io.github.bonigarcia.wdm.WebDriverManager - Exporting webdriver.chrome.driver as C:\Users\NagarajR\.cache\selenium\chromedriver\win64\136.0.7103.113\chromedriver.exe
Jun 03, 2025 11:54:24 AM org.openqa.selenium.devtools.CdpVersionFinder findNearestMatch
WARNING: Unable to find CDP implementation matching 136
Jun 03, 2025 11:54:24 AM org.openqa.selenium.chromium.ChromiumDriver lambda$new$5
WARNING: Unable to find version of CDP to use for 136.0.7103.114. You may need to include a dependency on a specific version of the CDP using something similar to `org.seleniumhq.selenium:selenium-devtools-v86:4.19.0` where the version ("v86") matches the version of the chromium-based browser you're using and the version number of the artifact is the same as Selenium's.
]]></system-err>
  </testcase>
  <testcase name="Verify whether the user is able to land on the dashboard screen and perform actions on cards and top bar using cards" classname="Land on the dahboard screen after login and perform actions on cards, top navigation bar and side navigation bar" time="22.825">
    <error message="Expected condition failed: waiting for visibility of element located by By.xpath: //*[@id=&quot;bodyContent&quot;]/div[2]/div[2] (tried for 20 second(s) with 500 milliseconds interval)&#10;Build info: version: &apos;4.19.0&apos;, revision: &apos;5f9cec8963&apos;&#10;System info: os.name: &apos;Windows 11&apos;, os.arch: &apos;amd64&apos;, os.version: &apos;10.0&apos;, java.version: &apos;21.0.6&apos;&#10;Driver info: org.openqa.selenium.chrome.ChromeDriver&#10;Capabilities {acceptInsecureCerts: false, browserName: chrome, browserVersion: 136.0.7103.114, chrome: {chromedriverVersion: 136.0.7103.113 (76fa3c17824..., userDataDir: C:\Users\NagarajR\AppData\L...}, fedcm:accounts: true, goog:chromeOptions: {debuggerAddress: localhost:63037}, networkConnectionEnabled: false, pageLoadStrategy: normal, platformName: windows, proxy: Proxy(), se:cdp: ws://localhost:63037/devtoo..., se:cdpVersion: 136.0.7103.114, setWindowRect: true, strictFileInteractability: false, timeouts: {implicit: 0, pageLoad: 300000, script: 30000}, unhandledPromptBehavior: dismiss and notify, webauthn:extension:credBlob: true, webauthn:extension:largeBlob: true, webauthn:extension:minPinLength: true, webauthn:extension:prf: true, webauthn:virtualAuthenticators: true}&#10;Session ID: 06b2d02407450d5cfbee6c98a0a6c64e" type="org.openqa.selenium.TimeoutException"><![CDATA[org.openqa.selenium.TimeoutException: 
Expected condition failed: waiting for visibility of element located by By.xpath: //*[@id="bodyContent"]/div[2]/div[2] (tried for 20 second(s) with 500 milliseconds interval)
Build info: version: '4.19.0', revision: '5f9cec8963'
System info: os.name: 'Windows 11', os.arch: 'amd64', os.version: '10.0', java.version: '21.0.6'
Driver info: org.openqa.selenium.chrome.ChromeDriver
Capabilities {acceptInsecureCerts: false, browserName: chrome, browserVersion: 136.0.7103.114, chrome: {chromedriverVersion: 136.0.7103.113 (76fa3c17824..., userDataDir: C:\Users\NagarajR\AppData\L...}, fedcm:accounts: true, goog:chromeOptions: {debuggerAddress: localhost:63037}, networkConnectionEnabled: false, pageLoadStrategy: normal, platformName: windows, proxy: Proxy(), se:cdp: ws://localhost:63037/devtoo..., se:cdpVersion: 136.0.7103.114, setWindowRect: true, strictFileInteractability: false, timeouts: {implicit: 0, pageLoad: 300000, script: 30000}, unhandledPromptBehavior: dismiss and notify, webauthn:extension:credBlob: true, webauthn:extension:largeBlob: true, webauthn:extension:minPinLength: true, webauthn:extension:prf: true, webauthn:virtualAuthenticators: true}
Session ID: 06b2d02407450d5cfbee6c98a0a6c64e
	at org.openqa.selenium.support.ui.WebDriverWait.timeoutException(WebDriverWait.java:84)
	at org.openqa.selenium.support.ui.FluentWait.until(FluentWait.java:228)
	at pages.DashboardPage.waitForElement(DashboardPage.java:32)
	at pages.DashboardPage.navigateTo(DashboardPage.java:39)
	at stepdefinitions.DashboardSteps.user_is_on_the_dashboard_screen(DashboardSteps.java:30)
	at ✽.user is on the dashboard screen(file:///C:/Users/NagarajR/OneDrive%20-%20TheMathCompany%20Private%20Limited/Desktop/WPC/WPC_UI_Automation/WPC_UI_Automation/WPC_UI_Automation/src/test/java/Features/2_Dashboard.feature:6)
]]></error>
    <system-out><![CDATA[
@Dashboard @cards
Scenario: Verify whether the user is able to land on the dashboard screen and perform actions on cards and top bar using cards # src/test/java/Features/2_Dashboard.feature:5
DEBUG DRIVER INSTANCE: ChromeDriver: chrome on windows (06b2d02407450d5cfbee6c98a0a6c64e)
  Given user is on the dashboard screen                                                                                        # stepdefinitions.DashboardSteps.user_is_on_the_dashboard_screen()
      org.openqa.selenium.TimeoutException: Expected condition failed: waiting for visibility of element located by By.xpath: //*[@id="bodyContent"]/div[2]/div[2] (tried for 20 second(s) with 500 milliseconds interval)
Build info: version: '4.19.0', revision: '5f9cec8963'
System info: os.name: 'Windows 11', os.arch: 'amd64', os.version: '10.0', java.version: '21.0.6'
Driver info: org.openqa.selenium.chrome.ChromeDriver
Capabilities {acceptInsecureCerts: false, browserName: chrome, browserVersion: 136.0.7103.114, chrome: {chromedriverVersion: 136.0.7103.113 (76fa3c17824..., userDataDir: C:\Users\NagarajR\AppData\L...}, fedcm:accounts: true, goog:chromeOptions: {debuggerAddress: localhost:63037}, networkConnectionEnabled: false, pageLoadStrategy: normal, platformName: windows, proxy: Proxy(), se:cdp: ws://localhost:63037/devtoo..., se:cdpVersion: 136.0.7103.114, setWindowRect: true, strictFileInteractability: false, timeouts: {implicit: 0, pageLoad: 300000, script: 30000}, unhandledPromptBehavior: dismiss and notify, webauthn:extension:credBlob: true, webauthn:extension:largeBlob: true, webauthn:extension:minPinLength: true, webauthn:extension:prf: true, webauthn:virtualAuthenticators: true}
Session ID: 06b2d02407450d5cfbee6c98a0a6c64e
	at org.openqa.selenium.support.ui.WebDriverWait.timeoutException(WebDriverWait.java:84)
	at org.openqa.selenium.support.ui.FluentWait.until(FluentWait.java:228)
	at pages.DashboardPage.waitForElement(DashboardPage.java:32)
	at pages.DashboardPage.navigateTo(DashboardPage.java:39)
	at stepdefinitions.DashboardSteps.user_is_on_the_dashboard_screen(DashboardSteps.java:30)
	at ✽.user is on the dashboard screen(file:///C:/Users/NagarajR/OneDrive%20-%20TheMathCompany%20Private%20Limited/Desktop/WPC/WPC_UI_Automation/WPC_UI_Automation/WPC_UI_Automation/src/test/java/Features/2_Dashboard.feature:6)

  Then user shoud be able to click on the profile icon and view all the options                                                # stepdefinitions.DashboardSteps.user_shoud_be_able_to_click_on_the_profile_icon_and_view_all_the_options()
  When user clicks on the Customer Peer Analysis card the user must redirected and return to dashboard screen                  # stepdefinitions.DashboardSteps.user_clicks_on_the_customer_peer_analysis_card_the_user_must_redirected_and_return_to_dashboard_screen()
  And user should be able to click on Auto Root Cause Analysis card and come back to dashboard screen                          # stepdefinitions.DashboardSteps.user_should_be_able_to_click_on_auto_root_cause_analysis_card_and_come_back_to_dashboard_screen()
  Then user stays on the dashboard screen                                                                                      # stepdefinitions.DashboardSteps.user_stays_on_the_dashboard_screen()
]]></system-out>
    <system-err><![CDATA[[main] INFO io.github.bonigarcia.wdm.WebDriverManager - Using chromedriver 136.0.7103.113 (resolved driver for Chrome 136)
[main] INFO io.github.bonigarcia.wdm.WebDriverManager - Exporting webdriver.chrome.driver as C:\Users\NagarajR\.cache\selenium\chromedriver\win64\136.0.7103.113\chromedriver.exe
Jun 03, 2025 11:54:52 AM org.openqa.selenium.devtools.CdpVersionFinder findNearestMatch
WARNING: Unable to find CDP implementation matching 136
Jun 03, 2025 11:54:52 AM org.openqa.selenium.chromium.ChromiumDriver lambda$new$5
WARNING: Unable to find version of CDP to use for 136.0.7103.114. You may need to include a dependency on a specific version of the CDP using something similar to `org.seleniumhq.selenium:selenium-devtools-v86:4.19.0` where the version ("v86") matches the version of the chromium-based browser you're using and the version number of the artifact is the same as Selenium's.
]]></system-err>
  </testcase>
  <testcase name="Verify whether the user is able to land on the dashboard screen and perform actions on cards and top bar using side navigation bar" classname="Land on the dahboard screen after login and perform actions on cards, top navigation bar and side navigation bar" time="22.495">
    <error message="Expected condition failed: waiting for visibility of element located by By.xpath: //*[@id=&quot;bodyContent&quot;]/div[2]/div[2] (tried for 20 second(s) with 500 milliseconds interval)&#10;Build info: version: &apos;4.19.0&apos;, revision: &apos;5f9cec8963&apos;&#10;System info: os.name: &apos;Windows 11&apos;, os.arch: &apos;amd64&apos;, os.version: &apos;10.0&apos;, java.version: &apos;21.0.6&apos;&#10;Driver info: org.openqa.selenium.chrome.ChromeDriver&#10;Capabilities {acceptInsecureCerts: false, browserName: chrome, browserVersion: 136.0.7103.114, chrome: {chromedriverVersion: 136.0.7103.113 (76fa3c17824..., userDataDir: C:\Users\NagarajR\AppData\L...}, fedcm:accounts: true, goog:chromeOptions: {debuggerAddress: localhost:63153}, networkConnectionEnabled: false, pageLoadStrategy: normal, platformName: windows, proxy: Proxy(), se:cdp: ws://localhost:63153/devtoo..., se:cdpVersion: 136.0.7103.114, setWindowRect: true, strictFileInteractability: false, timeouts: {implicit: 0, pageLoad: 300000, script: 30000}, unhandledPromptBehavior: dismiss and notify, webauthn:extension:credBlob: true, webauthn:extension:largeBlob: true, webauthn:extension:minPinLength: true, webauthn:extension:prf: true, webauthn:virtualAuthenticators: true}&#10;Session ID: 5a989fc64ecdaa1ecefc68d2fe58a31b" type="org.openqa.selenium.TimeoutException"><![CDATA[org.openqa.selenium.TimeoutException: 
Expected condition failed: waiting for visibility of element located by By.xpath: //*[@id="bodyContent"]/div[2]/div[2] (tried for 20 second(s) with 500 milliseconds interval)
Build info: version: '4.19.0', revision: '5f9cec8963'
System info: os.name: 'Windows 11', os.arch: 'amd64', os.version: '10.0', java.version: '21.0.6'
Driver info: org.openqa.selenium.chrome.ChromeDriver
Capabilities {acceptInsecureCerts: false, browserName: chrome, browserVersion: 136.0.7103.114, chrome: {chromedriverVersion: 136.0.7103.113 (76fa3c17824..., userDataDir: C:\Users\NagarajR\AppData\L...}, fedcm:accounts: true, goog:chromeOptions: {debuggerAddress: localhost:63153}, networkConnectionEnabled: false, pageLoadStrategy: normal, platformName: windows, proxy: Proxy(), se:cdp: ws://localhost:63153/devtoo..., se:cdpVersion: 136.0.7103.114, setWindowRect: true, strictFileInteractability: false, timeouts: {implicit: 0, pageLoad: 300000, script: 30000}, unhandledPromptBehavior: dismiss and notify, webauthn:extension:credBlob: true, webauthn:extension:largeBlob: true, webauthn:extension:minPinLength: true, webauthn:extension:prf: true, webauthn:virtualAuthenticators: true}
Session ID: 5a989fc64ecdaa1ecefc68d2fe58a31b
	at org.openqa.selenium.support.ui.WebDriverWait.timeoutException(WebDriverWait.java:84)
	at org.openqa.selenium.support.ui.FluentWait.until(FluentWait.java:228)
	at pages.DashboardPage.waitForElement(DashboardPage.java:32)
	at pages.DashboardPage.navigateTo(DashboardPage.java:39)
	at stepdefinitions.DashboardSteps.user_is_on_the_dashboard_screen(DashboardSteps.java:30)
	at ✽.user is on the dashboard screen(file:///C:/Users/NagarajR/OneDrive%20-%20TheMathCompany%20Private%20Limited/Desktop/WPC/WPC_UI_Automation/WPC_UI_Automation/WPC_UI_Automation/src/test/java/Features/2_Dashboard.feature:14)
]]></error>
    <system-out><![CDATA[
@Dashboard @sidenavbar
Scenario: Verify whether the user is able to land on the dashboard screen and perform actions on cards and top bar using side navigation bar # src/test/java/Features/2_Dashboard.feature:13
DEBUG DRIVER INSTANCE: ChromeDriver: chrome on windows (5a989fc64ecdaa1ecefc68d2fe58a31b)
  Given user is on the dashboard screen                                                                                                      # stepdefinitions.DashboardSteps.user_is_on_the_dashboard_screen()
      org.openqa.selenium.TimeoutException: Expected condition failed: waiting for visibility of element located by By.xpath: //*[@id="bodyContent"]/div[2]/div[2] (tried for 20 second(s) with 500 milliseconds interval)
Build info: version: '4.19.0', revision: '5f9cec8963'
System info: os.name: 'Windows 11', os.arch: 'amd64', os.version: '10.0', java.version: '21.0.6'
Driver info: org.openqa.selenium.chrome.ChromeDriver
Capabilities {acceptInsecureCerts: false, browserName: chrome, browserVersion: 136.0.7103.114, chrome: {chromedriverVersion: 136.0.7103.113 (76fa3c17824..., userDataDir: C:\Users\NagarajR\AppData\L...}, fedcm:accounts: true, goog:chromeOptions: {debuggerAddress: localhost:63153}, networkConnectionEnabled: false, pageLoadStrategy: normal, platformName: windows, proxy: Proxy(), se:cdp: ws://localhost:63153/devtoo..., se:cdpVersion: 136.0.7103.114, setWindowRect: true, strictFileInteractability: false, timeouts: {implicit: 0, pageLoad: 300000, script: 30000}, unhandledPromptBehavior: dismiss and notify, webauthn:extension:credBlob: true, webauthn:extension:largeBlob: true, webauthn:extension:minPinLength: true, webauthn:extension:prf: true, webauthn:virtualAuthenticators: true}
Session ID: 5a989fc64ecdaa1ecefc68d2fe58a31b
	at org.openqa.selenium.support.ui.WebDriverWait.timeoutException(WebDriverWait.java:84)
	at org.openqa.selenium.support.ui.FluentWait.until(FluentWait.java:228)
	at pages.DashboardPage.waitForElement(DashboardPage.java:32)
	at pages.DashboardPage.navigateTo(DashboardPage.java:39)
	at stepdefinitions.DashboardSteps.user_is_on_the_dashboard_screen(DashboardSteps.java:30)
	at ✽.user is on the dashboard screen(file:///C:/Users/NagarajR/OneDrive%20-%20TheMathCompany%20Private%20Limited/Desktop/WPC/WPC_UI_Automation/WPC_UI_Automation/WPC_UI_Automation/src/test/java/Features/2_Dashboard.feature:14)

  When user clicks on the Customer Peer Analysis option then user must get redirected and hover on the options                               # stepdefinitions.DashboardSteps.user_clicks_on_the_customer_peer_analysis_option_then_user_must_get_redirected_and_hover_on_the_options()
  When user clicks on Auto Root Cause Analysis option then user must get redirected and hover on the options                                 # stepdefinitions.DashboardSteps.user_clicks_on_auto_root_cause_analysis_option_then_user_must_get_redirected_and_hover_on_the_options()
  Then user stays on the dashboard screen                                                                                                    # stepdefinitions.DashboardSteps.user_stays_on_the_dashboard_screen()
]]></system-out>
    <system-err><![CDATA[[main] INFO io.github.bonigarcia.wdm.WebDriverManager - Using chromedriver 136.0.7103.113 (resolved driver for Chrome 136)
[main] INFO io.github.bonigarcia.wdm.WebDriverManager - Exporting webdriver.chrome.driver as C:\Users\NagarajR\.cache\selenium\chromedriver\win64\136.0.7103.113\chromedriver.exe
Jun 03, 2025 11:55:14 AM org.openqa.selenium.devtools.CdpVersionFinder findNearestMatch
WARNING: Unable to find CDP implementation matching 136
Jun 03, 2025 11:55:14 AM org.openqa.selenium.chromium.ChromiumDriver lambda$new$5
WARNING: Unable to find version of CDP to use for 136.0.7103.114. You may need to include a dependency on a specific version of the CDP using something similar to `org.seleniumhq.selenium:selenium-devtools-v86:4.19.0` where the version ("v86") matches the version of the chromium-based browser you're using and the version number of the artifact is the same as Selenium's.
]]></system-err>
  </testcase>
  <testcase name="Verify whether the user is able to click on the Start New Peer Analysis button and get redirected to the Branch/Customer Selection sub tab under the Selections tab" classname="Land on the Overview screen of the Customer Peer Analysis and perform actions on starting new peer analysis button, saved customer peer selections and saved sensitivity simulation scenario table" time="174.954">
    <error message="Expected condition failed: waiting for visibility of element located by By.xpath: //*[@id=&quot;node20822356575&quot;]/div[1]/form/div/div[2]/div/button (tried for 20 second(s) with 500 milliseconds interval)&#10;Build info: version: &apos;4.19.0&apos;, revision: &apos;5f9cec8963&apos;&#10;System info: os.name: &apos;Windows 11&apos;, os.arch: &apos;amd64&apos;, os.version: &apos;10.0&apos;, java.version: &apos;21.0.6&apos;&#10;Driver info: org.openqa.selenium.chrome.ChromeDriver&#10;Capabilities {acceptInsecureCerts: false, browserName: chrome, browserVersion: 136.0.7103.114, chrome: {chromedriverVersion: 136.0.7103.113 (76fa3c17824..., userDataDir: C:\Users\NagarajR\AppData\L...}, fedcm:accounts: true, goog:chromeOptions: {debuggerAddress: localhost:63236}, networkConnectionEnabled: false, pageLoadStrategy: normal, platformName: windows, proxy: Proxy(), se:cdp: ws://localhost:63236/devtoo..., se:cdpVersion: 136.0.7103.114, setWindowRect: true, strictFileInteractability: false, timeouts: {implicit: 0, pageLoad: 300000, script: 30000}, unhandledPromptBehavior: dismiss and notify, webauthn:extension:credBlob: true, webauthn:extension:largeBlob: true, webauthn:extension:minPinLength: true, webauthn:extension:prf: true, webauthn:virtualAuthenticators: true}&#10;Session ID: 145425ecba057c0ef3ee1ea6d5c00ac1" type="org.openqa.selenium.TimeoutException"><![CDATA[org.openqa.selenium.TimeoutException: 
Expected condition failed: waiting for visibility of element located by By.xpath: //*[@id="node20822356575"]/div[1]/form/div/div[2]/div/button (tried for 20 second(s) with 500 milliseconds interval)
Build info: version: '4.19.0', revision: '5f9cec8963'
System info: os.name: 'Windows 11', os.arch: 'amd64', os.version: '10.0', java.version: '21.0.6'
Driver info: org.openqa.selenium.chrome.ChromeDriver
Capabilities {acceptInsecureCerts: false, browserName: chrome, browserVersion: 136.0.7103.114, chrome: {chromedriverVersion: 136.0.7103.113 (76fa3c17824..., userDataDir: C:\Users\NagarajR\AppData\L...}, fedcm:accounts: true, goog:chromeOptions: {debuggerAddress: localhost:63236}, networkConnectionEnabled: false, pageLoadStrategy: normal, platformName: windows, proxy: Proxy(), se:cdp: ws://localhost:63236/devtoo..., se:cdpVersion: 136.0.7103.114, setWindowRect: true, strictFileInteractability: false, timeouts: {implicit: 0, pageLoad: 300000, script: 30000}, unhandledPromptBehavior: dismiss and notify, webauthn:extension:credBlob: true, webauthn:extension:largeBlob: true, webauthn:extension:minPinLength: true, webauthn:extension:prf: true, webauthn:virtualAuthenticators: true}
Session ID: 145425ecba057c0ef3ee1ea6d5c00ac1
	at org.openqa.selenium.support.ui.WebDriverWait.timeoutException(WebDriverWait.java:84)
	at org.openqa.selenium.support.ui.FluentWait.until(FluentWait.java:228)
	at pages.CPA_OverviewPage.waitForElement(CPA_OverviewPage.java:29)
	at pages.CPA_OverviewPage.navigateTo(CPA_OverviewPage.java:40)
	at stepdefinitions.CPA_OverviewSteps.user_is_on_the_overview_page_of_the_customer_peer_analysis(CPA_OverviewSteps.java:31)
	at ✽.user is on the Overview page of the Customer Peer Analysis(file:///C:/Users/NagarajR/OneDrive%20-%20TheMathCompany%20Private%20Limited/Desktop/WPC/WPC_UI_Automation/WPC_UI_Automation/WPC_UI_Automation/src/test/java/Features/3_CPA_Overview.feature:6)
]]></error>
    <system-out><![CDATA[
@CustomerPeerAnalysisOverview @StartNewPeerAnalysisButton
Scenario: Verify whether the user is able to click on the Start New Peer Analysis button and get redirected to the Branch/Customer Selection sub tab under the Selections tab # src/test/java/Features/3_CPA_Overview.feature:5
DEBUG DRIVER INSTANCE: ChromeDriver: chrome on windows (145425ecba057c0ef3ee1ea6d5c00ac1)
  Given user is on the Overview page of the Customer Peer Analysis                                                                                                            # stepdefinitions.CPA_OverviewSteps.user_is_on_the_overview_page_of_the_customer_peer_analysis()
      org.openqa.selenium.TimeoutException: Expected condition failed: waiting for visibility of element located by By.xpath: //*[@id="node20822356575"]/div[1]/form/div/div[2]/div/button (tried for 20 second(s) with 500 milliseconds interval)
Build info: version: '4.19.0', revision: '5f9cec8963'
System info: os.name: 'Windows 11', os.arch: 'amd64', os.version: '10.0', java.version: '21.0.6'
Driver info: org.openqa.selenium.chrome.ChromeDriver
Capabilities {acceptInsecureCerts: false, browserName: chrome, browserVersion: 136.0.7103.114, chrome: {chromedriverVersion: 136.0.7103.113 (76fa3c17824..., userDataDir: C:\Users\NagarajR\AppData\L...}, fedcm:accounts: true, goog:chromeOptions: {debuggerAddress: localhost:63236}, networkConnectionEnabled: false, pageLoadStrategy: normal, platformName: windows, proxy: Proxy(), se:cdp: ws://localhost:63236/devtoo..., se:cdpVersion: 136.0.7103.114, setWindowRect: true, strictFileInteractability: false, timeouts: {implicit: 0, pageLoad: 300000, script: 30000}, unhandledPromptBehavior: dismiss and notify, webauthn:extension:credBlob: true, webauthn:extension:largeBlob: true, webauthn:extension:minPinLength: true, webauthn:extension:prf: true, webauthn:virtualAuthenticators: true}
Session ID: 145425ecba057c0ef3ee1ea6d5c00ac1
	at org.openqa.selenium.support.ui.WebDriverWait.timeoutException(WebDriverWait.java:84)
	at org.openqa.selenium.support.ui.FluentWait.until(FluentWait.java:228)
	at pages.CPA_OverviewPage.waitForElement(CPA_OverviewPage.java:29)
	at pages.CPA_OverviewPage.navigateTo(CPA_OverviewPage.java:40)
	at stepdefinitions.CPA_OverviewSteps.user_is_on_the_overview_page_of_the_customer_peer_analysis(CPA_OverviewSteps.java:31)
	at ✽.user is on the Overview page of the Customer Peer Analysis(file:///C:/Users/NagarajR/OneDrive%20-%20TheMathCompany%20Private%20Limited/Desktop/WPC/WPC_UI_Automation/WPC_UI_Automation/WPC_UI_Automation/src/test/java/Features/3_CPA_Overview.feature:6)

  Then user should be able to click on the Start New Peer Analysis button and get redirected to the Branch/Customer Selection sub tab                                         # stepdefinitions.CPA_OverviewSteps.user_should_be_able_to_click_on_the_start_new_peer_analysis_button_and_get_redirected_to_the_branch_customer_selection_sub_tab()
  And user should be able to comeback and stay on the Overview screen                                                                                                         # stepdefinitions.CPA_OverviewSteps.user_should_be_able_to_comeback_and_stay_on_the_overview_screen()
]]></system-out>
    <system-err><![CDATA[[main] INFO io.github.bonigarcia.wdm.WebDriverManager - Using chromedriver 136.0.7103.113 (resolved driver for Chrome 136)
[main] INFO io.github.bonigarcia.wdm.WebDriverManager - Exporting webdriver.chrome.driver as C:\Users\NagarajR\.cache\selenium\chromedriver\win64\136.0.7103.113\chromedriver.exe
Jun 03, 2025 11:55:37 AM org.openqa.selenium.devtools.CdpVersionFinder findNearestMatch
WARNING: Unable to find CDP implementation matching 136
Jun 03, 2025 11:55:37 AM org.openqa.selenium.chromium.ChromiumDriver lambda$new$5
WARNING: Unable to find version of CDP to use for 136.0.7103.114. You may need to include a dependency on a specific version of the CDP using something similar to `org.seleniumhq.selenium:selenium-devtools-v86:4.19.0` where the version ("v86") matches the version of the chromium-based browser you're using and the version number of the artifact is the same as Selenium's.
]]></system-err>
  </testcase>
</testsuite>