<?xml version="1.0" encoding="UTF-8"?>
<testng-results ignored="0" total="28" passed="19" failed="9" skipped="0">
  <reporter-output>
  </reporter-output>
  <suite started-at="2025-08-12T15:19:01 IST" name="Default suite" finished-at="2025-08-12T16:36:58 IST" duration-ms="4677399">
    <groups>
      <group name="cucumber">
        <method signature="AbstractTestNGCucumberTests.runScenario(io.cucumber.testng.PickleWrapper,io.cucumber.testng.FeatureWrapper)[pri:0, instance:runners.TestRunner@5b12b668]" name="runScenario" class="io.cucumber.testng.AbstractTestNGCucumberTests"/>
      </group> <!-- cucumber -->
    </groups>
    <test started-at="2025-08-12T15:19:01 IST" name="Default test" finished-at="2025-08-12T16:36:58 IST" duration-ms="4677399">
      <class name="runners.TestRunner">
        <test-method is-config="true" signature="setUpClass(org.testng.ITestContext)[pri:0, instance:runners.TestRunner@5b12b668]" started-at="2025-08-12T15:19:01 IST" name="setUpClass" finished-at="2025-08-12T15:19:03 IST" duration-ms="2414" status="PASS">
          <params>
            <param index="0">
              <value>
                <![CDATA[org.testng.TestRunner@548c4c9a]]>
              </value>
            </param>
          </params>
          <reporter-output>
          </reporter-output>
        </test-method> <!-- setUpClass -->
        <test-method signature="runScenario(io.cucumber.testng.PickleWrapper,io.cucumber.testng.FeatureWrapper)[pri:0, instance:runners.TestRunner@5b12b668]" started-at="2025-08-12T15:19:03 IST" name="runScenario" description="Runs Cucumber Scenarios" data-provider="scenarios" finished-at="2025-08-12T15:20:07 IST" duration-ms="63336" status="PASS">
          <params>
            <param index="0">
              <value>
                <![CDATA["Verify that user lands on the Home screen and interacts with the top bar and the cards"]]>
              </value>
            </param>
            <param index="1">
              <value>
                <![CDATA["Land on the Home screen after login and perform actions on the cards, top bar and the side navigation bar"]]>
              </value>
            </param>
          </params>
          <reporter-output>
          </reporter-output>
        </test-method> <!-- runScenario -->
        <test-method signature="runScenario(io.cucumber.testng.PickleWrapper,io.cucumber.testng.FeatureWrapper)[pri:0, instance:runners.TestRunner@5b12b668]" started-at="2025-08-12T15:20:07 IST" name="runScenario" description="Runs Cucumber Scenarios" data-provider="scenarios" finished-at="2025-08-12T15:24:13 IST" duration-ms="246394" status="PASS">
          <params>
            <param index="0">
              <value>
                <![CDATA["Verify that the user land on the Home screen and interacts with the side navigation bar"]]>
              </value>
            </param>
            <param index="1">
              <value>
                <![CDATA["Land on the Home screen after login and perform actions on the cards, top bar and the side navigation bar"]]>
              </value>
            </param>
          </params>
          <reporter-output>
          </reporter-output>
        </test-method> <!-- runScenario -->
        <test-method signature="runScenario(io.cucumber.testng.PickleWrapper,io.cucumber.testng.FeatureWrapper)[pri:0, instance:runners.TestRunner@5b12b668]" started-at="2025-08-12T15:24:13 IST" name="runScenario" description="Runs Cucumber Scenarios" data-provider="scenarios" finished-at="2025-08-12T15:25:14 IST" duration-ms="60893" status="PASS">
          <params>
            <param index="0">
              <value>
                <![CDATA["Verify that the user is able to click on the Start New Peer Analysis button and get redirected to the Branch/Customer Selection screen"]]>
              </value>
            </param>
            <param index="1">
              <value>
                <![CDATA["Land on the Overview screen of the Customer Peer Analysis and perform actions on starting new peer analysis button, saved customer peer selections and saved sensitivity simulation scenario table"]]>
              </value>
            </param>
          </params>
          <reporter-output>
          </reporter-output>
        </test-method> <!-- runScenario -->
        <test-method signature="runScenario(io.cucumber.testng.PickleWrapper,io.cucumber.testng.FeatureWrapper)[pri:0, instance:runners.TestRunner@5b12b668]" started-at="2025-08-12T15:25:14 IST" name="runScenario" description="Runs Cucumber Scenarios" data-provider="scenarios" finished-at="2025-08-12T15:28:15 IST" duration-ms="180791" status="PASS">
          <params>
            <param index="0">
              <value>
                <![CDATA["Verify that the user can interact with the Saved Customer Peer Selection table by selecting a Peer Selection record from the table and performing various actions"]]>
              </value>
            </param>
            <param index="1">
              <value>
                <![CDATA["Land on the Overview screen of the Customer Peer Analysis and perform actions on starting new peer analysis button, saved customer peer selections and saved sensitivity simulation scenario table"]]>
              </value>
            </param>
          </params>
          <reporter-output>
          </reporter-output>
        </test-method> <!-- runScenario -->
        <test-method signature="runScenario(io.cucumber.testng.PickleWrapper,io.cucumber.testng.FeatureWrapper)[pri:0, instance:runners.TestRunner@5b12b668]" started-at="2025-08-12T15:28:15 IST" name="runScenario" description="Runs Cucumber Scenarios" data-provider="scenarios" finished-at="2025-08-12T15:33:15 IST" duration-ms="300579" status="FAIL">
          <params>
            <param index="0">
              <value>
                <![CDATA["Verify that the user can interact with the Saved Customer Peer Selection table by searching for a Peer Selection record, selecting it and performing various actions"]]>
              </value>
            </param>
            <param index="1">
              <value>
                <![CDATA["Land on the Overview screen of the Customer Peer Analysis and perform actions on starting new peer analysis button, saved customer peer selections and saved sensitivity simulation scenario table"]]>
              </value>
            </param>
          </params>
          <exception class="org.openqa.selenium.TimeoutException">
            <message>
              <![CDATA[Expected condition failed: waiting for visibility of element located by By.xpath: /html[1]/body[1]/div[1]/div[1]/div[1]/div[1]/div[2]/div[1]/div[2]/div[2]/div[3]/div[1]/div[1]/div[1]/div[1]/div[1]/div[1]/div[3]/div[1]/div[1]/div[1]/form[1]/div[1]/div[2]/div[1]/div[1]/button[1] (tried for 100 second(s) with 500 milliseconds interval)
Build info: version: '4.19.0', revision: '5f9cec8963'
System info: os.name: 'Windows 11', os.arch: 'amd64', os.version: '10.0', java.version: '21.0.6'
Driver info: org.openqa.selenium.chrome.ChromeDriver
Capabilities {acceptInsecureCerts: false, browserName: chrome, browserVersion: 138.0.7204.184, chrome: {chromedriverVersion: 138.0.7204.183 (e90faf484dd..., userDataDir: C:\Users\NagarajR\AppData\L...}, fedcm:accounts: true, goog:chromeOptions: {debuggerAddress: localhost:63169}, networkConnectionEnabled: false, pageLoadStrategy: normal, platformName: windows, proxy: Proxy(), se:cdp: ws://localhost:63169/devtoo..., se:cdpVersion: 138.0.7204.184, setWindowRect: true, strictFileInteractability: false, timeouts: {implicit: 0, pageLoad: 300000, script: 30000}, unhandledPromptBehavior: dismiss and notify, webauthn:extension:credBlob: true, webauthn:extension:largeBlob: true, webauthn:extension:minPinLength: true, webauthn:extension:prf: true, webauthn:virtualAuthenticators: true}
Session ID: 53ddcf9c84d40f33a2678e290e19b053]]>
            </message>
            <full-stacktrace>
              <![CDATA[org.openqa.selenium.TimeoutException: Expected condition failed: waiting for visibility of element located by By.xpath: /html[1]/body[1]/div[1]/div[1]/div[1]/div[1]/div[2]/div[1]/div[2]/div[2]/div[3]/div[1]/div[1]/div[1]/div[1]/div[1]/div[1]/div[3]/div[1]/div[1]/div[1]/form[1]/div[1]/div[2]/div[1]/div[1]/button[1] (tried for 100 second(s) with 500 milliseconds interval)
Build info: version: '4.19.0', revision: '5f9cec8963'
System info: os.name: 'Windows 11', os.arch: 'amd64', os.version: '10.0', java.version: '21.0.6'
Driver info: org.openqa.selenium.chrome.ChromeDriver
Capabilities {acceptInsecureCerts: false, browserName: chrome, browserVersion: 138.0.7204.184, chrome: {chromedriverVersion: 138.0.7204.183 (e90faf484dd..., userDataDir: C:\Users\NagarajR\AppData\L...}, fedcm:accounts: true, goog:chromeOptions: {debuggerAddress: localhost:63169}, networkConnectionEnabled: false, pageLoadStrategy: normal, platformName: windows, proxy: Proxy(), se:cdp: ws://localhost:63169/devtoo..., se:cdpVersion: 138.0.7204.184, setWindowRect: true, strictFileInteractability: false, timeouts: {implicit: 0, pageLoad: 300000, script: 30000}, unhandledPromptBehavior: dismiss and notify, webauthn:extension:credBlob: true, webauthn:extension:largeBlob: true, webauthn:extension:minPinLength: true, webauthn:extension:prf: true, webauthn:virtualAuthenticators: true}
Session ID: 53ddcf9c84d40f33a2678e290e19b053
at org.openqa.selenium.support.ui.WebDriverWait.timeoutException(WebDriverWait.java:84)
at org.openqa.selenium.support.ui.FluentWait.until(FluentWait.java:228)
at pages.CPA_OverviewPage.waitForElement(CPA_OverviewPage.java:37)
at pages.CPA_OverviewPage.createSensitivityScenarioBtnWithSelection(CPA_OverviewPage.java:463)
at stepdefinitions.CPA_OverviewSteps.the_user_should_be_able_to_click_on_the_create_sensitivity_scenario_button_and_get_redirected_to_the_create_scenario_screen_only_if_one_record_from_the_saved_customer_peer_selection_table_is_selected(CPA_OverviewSteps.java:50)
at ✽.the user should be able to click on the Create Sensitivity Scenario button and get redirected to the Create Scenario screen only if one record from the Saved Customer Peer Selection table is selected(file:///C:/Users/NagarajR/git/WPC_USESI_Automation_Testing/WPC_UI_Automation/src/test/java/Features/3_CPA_Overview.feature:34)
]]>
            </full-stacktrace>
          </exception> <!-- org.openqa.selenium.TimeoutException -->
          <reporter-output>
          </reporter-output>
        </test-method> <!-- runScenario -->
        <test-method signature="runScenario(io.cucumber.testng.PickleWrapper,io.cucumber.testng.FeatureWrapper)[pri:0, instance:runners.TestRunner@5b12b668]" started-at="2025-08-12T15:33:15 IST" name="runScenario" description="Runs Cucumber Scenarios" data-provider="scenarios" finished-at="2025-08-12T15:37:14 IST" duration-ms="238144" status="PASS">
          <params>
            <param index="0">
              <value>
                <![CDATA["Verify that the user can interact with the Saved Sensitivity Simulation Scenario table and perform various actions"]]>
              </value>
            </param>
            <param index="1">
              <value>
                <![CDATA["Land on the Overview screen of the Customer Peer Analysis and perform actions on starting new peer analysis button, saved customer peer selections and saved sensitivity simulation scenario table"]]>
              </value>
            </param>
          </params>
          <reporter-output>
          </reporter-output>
        </test-method> <!-- runScenario -->
        <test-method signature="runScenario(io.cucumber.testng.PickleWrapper,io.cucumber.testng.FeatureWrapper)[pri:0, instance:runners.TestRunner@5b12b668]" started-at="2025-08-12T15:37:14 IST" name="runScenario" description="Runs Cucumber Scenarios" data-provider="scenarios" finished-at="2025-08-12T15:40:53 IST" duration-ms="219878" status="PASS">
          <params>
            <param index="0">
              <value>
                <![CDATA["Verify that the user can interact with the Saved Sensitivity Simulation Scenario table and perform various actions"]]>
              </value>
            </param>
            <param index="1">
              <value>
                <![CDATA["Land on the Overview screen of the Customer Peer Analysis and perform actions on starting new peer analysis button, saved customer peer selections and saved sensitivity simulation scenario table"]]>
              </value>
            </param>
          </params>
          <reporter-output>
          </reporter-output>
        </test-method> <!-- runScenario -->
        <test-method signature="runScenario(io.cucumber.testng.PickleWrapper,io.cucumber.testng.FeatureWrapper)[pri:0, instance:runners.TestRunner@5b12b668]" started-at="2025-08-12T15:40:53 IST" name="runScenario" description="Runs Cucumber Scenarios" data-provider="scenarios" finished-at="2025-08-12T15:43:16 IST" duration-ms="142990" status="PASS">
          <params>
            <param index="0">
              <value>
                <![CDATA["Verify that the user can select a branch from the geographical map and select customers from the dropdown"]]>
              </value>
            </param>
            <param index="1">
              <value>
                <![CDATA["Lands on the Branch/Customer Selection where the user should be able to select the branch(es) based on the metric and"]]>
              </value>
            </param>
          </params>
          <reporter-output>
          </reporter-output>
        </test-method> <!-- runScenario -->
        <test-method signature="runScenario(io.cucumber.testng.PickleWrapper,io.cucumber.testng.FeatureWrapper)[pri:0, instance:runners.TestRunner@5b12b668]" started-at="2025-08-12T15:43:16 IST" name="runScenario" description="Runs Cucumber Scenarios" data-provider="scenarios" finished-at="2025-08-12T15:45:03 IST" duration-ms="107066" status="PASS">
          <params>
            <param index="0">
              <value>
                <![CDATA["Verify that the user is able to select a customer from the Select Target Customer for Peer Matching table"]]>
              </value>
            </param>
            <param index="1">
              <value>
                <![CDATA["Land on the Peer Selection screen where the user should be able to select a customer from the set of customers chosen on the"]]>
              </value>
            </param>
          </params>
          <reporter-output>
          </reporter-output>
        </test-method> <!-- runScenario -->
        <test-method signature="runScenario(io.cucumber.testng.PickleWrapper,io.cucumber.testng.FeatureWrapper)[pri:0, instance:runners.TestRunner@5b12b668]" started-at="2025-08-12T15:45:03 IST" name="runScenario" description="Runs Cucumber Scenarios" data-provider="scenarios" finished-at="2025-08-12T15:46:27 IST" duration-ms="83446" status="PASS">
          <params>
            <param index="0">
              <value>
                <![CDATA["Verify that the user is able to select a customer by searching the record from the Select Target Customer for Peer Matching table"]]>
              </value>
            </param>
            <param index="1">
              <value>
                <![CDATA["Land on the Peer Selection screen where the user should be able to select a customer from the set of customers chosen on the"]]>
              </value>
            </param>
          </params>
          <reporter-output>
          </reporter-output>
        </test-method> <!-- runScenario -->
        <test-method signature="runScenario(io.cucumber.testng.PickleWrapper,io.cucumber.testng.FeatureWrapper)[pri:0, instance:runners.TestRunner@5b12b668]" started-at="2025-08-12T15:46:27 IST" name="runScenario" description="Runs Cucumber Scenarios" data-provider="scenarios" finished-at="2025-08-12T15:59:07 IST" duration-ms="760354" status="FAIL">
          <params>
            <param index="0">
              <value>
                <![CDATA["Verify that the user is able to select the peers by clicking on the Select Peer Matching Criteria button and"]]>
              </value>
            </param>
            <param index="1">
              <value>
                <![CDATA["Land on the Peer Selection screen where the user should be able to select a customer from the set of customers chosen on the"]]>
              </value>
            </param>
          </params>
          <exception class="java.lang.IllegalArgumentException">
            <message>
              <![CDATA[Keys to send should be a not null CharSequence]]>
            </message>
            <full-stacktrace>
              <![CDATA[java.lang.IllegalArgumentException: Keys to send should be a not null CharSequence
at org.openqa.selenium.remote.RemoteWebElement.sendKeys(RemoteWebElement.java:96)
at pages.CPA_PeerSelectionPage.comparePeersBtn(CPA_PeerSelectionPage.java:1131)
at stepdefinitions.CPA_PeerSelectionSteps.the_user_should_be_able_to_click_on_the_compare_peers_button_which_then_opens_up_the_dialog_box_to_enter_the_name_and_save_the_peer_selections(CPA_PeerSelectionSteps.java:161)
at ✽.the user should be able to click on the Compare Peers button which then opens up the dialog box to enter the name and save the peer selections(file:///C:/Users/NagarajR/git/WPC_USESI_Automation_Testing/WPC_UI_Automation/src/test/java/Features/5_CPA_PeerSelection.feature:57)
]]>
            </full-stacktrace>
          </exception> <!-- java.lang.IllegalArgumentException -->
          <reporter-output>
          </reporter-output>
        </test-method> <!-- runScenario -->
        <test-method signature="runScenario(io.cucumber.testng.PickleWrapper,io.cucumber.testng.FeatureWrapper)[pri:0, instance:runners.TestRunner@5b12b668]" started-at="2025-08-12T15:59:07 IST" name="runScenario" description="Runs Cucumber Scenarios" data-provider="scenarios" finished-at="2025-08-12T16:03:39 IST" duration-ms="272194" status="FAIL">
          <params>
            <param index="0">
              <value>
                <![CDATA["Verify that the user can create a scenario by adjusting the simulation sliders of the charts"]]>
              </value>
            </param>
            <param index="1">
              <value>
                <![CDATA["Land on the Create Scenario screen where the user should be able to create a scenario to the Selected Target Customer and its"]]>
              </value>
            </param>
          </params>
          <exception class="org.openqa.selenium.TimeoutException">
            <message>
              <![CDATA[Expected condition failed: waiting for visibility of element located by By.xpath: /html[1]/body[1]/div[1]/div[1]/div[1]/div[1]/div[2]/div[1]/div[2]/div[3]/div[3]/div[2]/div[1]/div[1]/div[1]/div[1]/div[1]/div[3]/div[1]/div[1]/div[1]/form[1]/div[1]/div[1]/div[1]/div[1]/div[1]/div[1] (tried for 60 second(s) with 500 milliseconds interval)
Build info: version: '4.19.0', revision: '5f9cec8963'
System info: os.name: 'Windows 11', os.arch: 'amd64', os.version: '10.0', java.version: '21.0.6'
Driver info: org.openqa.selenium.chrome.ChromeDriver
Capabilities {acceptInsecureCerts: false, browserName: chrome, browserVersion: 138.0.7204.184, chrome: {chromedriverVersion: 138.0.7204.183 (e90faf484dd..., userDataDir: C:\Users\NagarajR\AppData\L...}, fedcm:accounts: true, goog:chromeOptions: {debuggerAddress: localhost:53526}, networkConnectionEnabled: false, pageLoadStrategy: normal, platformName: windows, proxy: Proxy(), se:cdp: ws://localhost:53526/devtoo..., se:cdpVersion: 138.0.7204.184, setWindowRect: true, strictFileInteractability: false, timeouts: {implicit: 0, pageLoad: 300000, script: 30000}, unhandledPromptBehavior: dismiss and notify, webauthn:extension:credBlob: true, webauthn:extension:largeBlob: true, webauthn:extension:minPinLength: true, webauthn:extension:prf: true, webauthn:virtualAuthenticators: true}
Session ID: c9f41b6c57a6a6814b2f2cae826080bc]]>
            </message>
            <full-stacktrace>
              <![CDATA[org.openqa.selenium.TimeoutException: Expected condition failed: waiting for visibility of element located by By.xpath: /html[1]/body[1]/div[1]/div[1]/div[1]/div[1]/div[2]/div[1]/div[2]/div[3]/div[3]/div[2]/div[1]/div[1]/div[1]/div[1]/div[1]/div[3]/div[1]/div[1]/div[1]/form[1]/div[1]/div[1]/div[1]/div[1]/div[1]/div[1] (tried for 60 second(s) with 500 milliseconds interval)
Build info: version: '4.19.0', revision: '5f9cec8963'
System info: os.name: 'Windows 11', os.arch: 'amd64', os.version: '10.0', java.version: '21.0.6'
Driver info: org.openqa.selenium.chrome.ChromeDriver
Capabilities {acceptInsecureCerts: false, browserName: chrome, browserVersion: 138.0.7204.184, chrome: {chromedriverVersion: 138.0.7204.183 (e90faf484dd..., userDataDir: C:\Users\NagarajR\AppData\L...}, fedcm:accounts: true, goog:chromeOptions: {debuggerAddress: localhost:53526}, networkConnectionEnabled: false, pageLoadStrategy: normal, platformName: windows, proxy: Proxy(), se:cdp: ws://localhost:53526/devtoo..., se:cdpVersion: 138.0.7204.184, setWindowRect: true, strictFileInteractability: false, timeouts: {implicit: 0, pageLoad: 300000, script: 30000}, unhandledPromptBehavior: dismiss and notify, webauthn:extension:credBlob: true, webauthn:extension:largeBlob: true, webauthn:extension:minPinLength: true, webauthn:extension:prf: true, webauthn:virtualAuthenticators: true}
Session ID: c9f41b6c57a6a6814b2f2cae826080bc
at org.openqa.selenium.support.ui.WebDriverWait.timeoutException(WebDriverWait.java:84)
at org.openqa.selenium.support.ui.FluentWait.until(FluentWait.java:228)
at pages.CPA_CreateScenarioPage.waitForElement(CPA_CreateScenarioPage.java:34)
at pages.CPA_CreateScenarioPage.saveAndShowImpactBtnWithName(CPA_CreateScenarioPage.java:599)
at stepdefinitions.CPA_CreateScenarioSteps.the_user_should_be_able_to_enter_a_scenario_name_in_the_scenario_name_field_and_click_the_save_and_show_impact_button_which_should_redirect_to_the_view_scenario_impact_screen_only_if_a_name_is_entered(CPA_CreateScenarioSteps.java:74)
at ✽.the user should be able to enter a scenario name in the Scenario Name field and click the Save and Show Impact button, which should redirect to the View Scenario Impact screen only if a name is entered(file:///C:/Users/NagarajR/git/WPC_USESI_Automation_Testing/WPC_UI_Automation/src/test/java/Features/6_CPA_CreateScenario.feature:19)
]]>
            </full-stacktrace>
          </exception> <!-- org.openqa.selenium.TimeoutException -->
          <reporter-output>
          </reporter-output>
        </test-method> <!-- runScenario -->
        <test-method signature="runScenario(io.cucumber.testng.PickleWrapper,io.cucumber.testng.FeatureWrapper)[pri:0, instance:runners.TestRunner@5b12b668]" started-at="2025-08-12T16:03:39 IST" name="runScenario" description="Runs Cucumber Scenarios" data-provider="scenarios" finished-at="2025-08-12T16:08:24 IST" duration-ms="284819" status="FAIL">
          <params>
            <param index="0">
              <value>
                <![CDATA["Verify that the user can create a scenario without performing simulation in the charts"]]>
              </value>
            </param>
            <param index="1">
              <value>
                <![CDATA["Land on the Create Scenario screen where the user should be able to create a scenario to the Selected Target Customer and its"]]>
              </value>
            </param>
          </params>
          <exception class="org.openqa.selenium.TimeoutException">
            <message>
              <![CDATA[Expected condition failed: waiting for visibility of element located by By.xpath: /html[1]/body[1]/div[1]/div[1]/div[1]/div[1]/div[2]/div[1]/div[2]/div[3]/div[3]/div[2]/div[1]/div[1]/div[1]/div[1]/div[1]/div[3]/div[1]/div[1]/div[1]/form[1]/div[1]/div[1]/div[1]/div[1]/div[1]/div[1] (tried for 60 second(s) with 500 milliseconds interval)
Build info: version: '4.19.0', revision: '5f9cec8963'
System info: os.name: 'Windows 11', os.arch: 'amd64', os.version: '10.0', java.version: '21.0.6'
Driver info: org.openqa.selenium.chrome.ChromeDriver
Capabilities {acceptInsecureCerts: false, browserName: chrome, browserVersion: 138.0.7204.184, chrome: {chromedriverVersion: 138.0.7204.183 (e90faf484dd..., userDataDir: C:\Users\NagarajR\AppData\L...}, fedcm:accounts: true, goog:chromeOptions: {debuggerAddress: localhost:54116}, networkConnectionEnabled: false, pageLoadStrategy: normal, platformName: windows, proxy: Proxy(), se:cdp: ws://localhost:54116/devtoo..., se:cdpVersion: 138.0.7204.184, setWindowRect: true, strictFileInteractability: false, timeouts: {implicit: 0, pageLoad: 300000, script: 30000}, unhandledPromptBehavior: dismiss and notify, webauthn:extension:credBlob: true, webauthn:extension:largeBlob: true, webauthn:extension:minPinLength: true, webauthn:extension:prf: true, webauthn:virtualAuthenticators: true}
Session ID: dd6715fb90738521265cbac6f8a508c4]]>
            </message>
            <full-stacktrace>
              <![CDATA[org.openqa.selenium.TimeoutException: Expected condition failed: waiting for visibility of element located by By.xpath: /html[1]/body[1]/div[1]/div[1]/div[1]/div[1]/div[2]/div[1]/div[2]/div[3]/div[3]/div[2]/div[1]/div[1]/div[1]/div[1]/div[1]/div[3]/div[1]/div[1]/div[1]/form[1]/div[1]/div[1]/div[1]/div[1]/div[1]/div[1] (tried for 60 second(s) with 500 milliseconds interval)
Build info: version: '4.19.0', revision: '5f9cec8963'
System info: os.name: 'Windows 11', os.arch: 'amd64', os.version: '10.0', java.version: '21.0.6'
Driver info: org.openqa.selenium.chrome.ChromeDriver
Capabilities {acceptInsecureCerts: false, browserName: chrome, browserVersion: 138.0.7204.184, chrome: {chromedriverVersion: 138.0.7204.183 (e90faf484dd..., userDataDir: C:\Users\NagarajR\AppData\L...}, fedcm:accounts: true, goog:chromeOptions: {debuggerAddress: localhost:54116}, networkConnectionEnabled: false, pageLoadStrategy: normal, platformName: windows, proxy: Proxy(), se:cdp: ws://localhost:54116/devtoo..., se:cdpVersion: 138.0.7204.184, setWindowRect: true, strictFileInteractability: false, timeouts: {implicit: 0, pageLoad: 300000, script: 30000}, unhandledPromptBehavior: dismiss and notify, webauthn:extension:credBlob: true, webauthn:extension:largeBlob: true, webauthn:extension:minPinLength: true, webauthn:extension:prf: true, webauthn:virtualAuthenticators: true}
Session ID: dd6715fb90738521265cbac6f8a508c4
at org.openqa.selenium.support.ui.WebDriverWait.timeoutException(WebDriverWait.java:84)
at org.openqa.selenium.support.ui.FluentWait.until(FluentWait.java:228)
at pages.CPA_CreateScenarioPage.waitForElement(CPA_CreateScenarioPage.java:34)
at pages.CPA_CreateScenarioPage.saveAndShowImpactBtnWithName(CPA_CreateScenarioPage.java:599)
at stepdefinitions.CPA_CreateScenarioSteps.the_user_should_be_able_to_enter_a_scenario_name_in_the_scenario_name_field_and_click_the_save_and_show_impact_button_which_should_redirect_to_the_view_scenario_impact_screen_only_if_a_name_is_entered(CPA_CreateScenarioSteps.java:74)
at ✽.the user should be able to enter a scenario name in the Scenario Name field and click the Save and Show Impact button, which should redirect to the View Scenario Impact screen only if a name is entered(file:///C:/Users/NagarajR/git/WPC_USESI_Automation_Testing/WPC_UI_Automation/src/test/java/Features/6_CPA_CreateScenario.feature:30)
]]>
            </full-stacktrace>
          </exception> <!-- org.openqa.selenium.TimeoutException -->
          <reporter-output>
          </reporter-output>
        </test-method> <!-- runScenario -->
        <test-method signature="runScenario(io.cucumber.testng.PickleWrapper,io.cucumber.testng.FeatureWrapper)[pri:0, instance:runners.TestRunner@5b12b668]" started-at="2025-08-12T16:08:24 IST" name="runScenario" description="Runs Cucumber Scenarios" data-provider="scenarios" finished-at="2025-08-12T16:09:53 IST" duration-ms="88511" status="PASS">
          <params>
            <param index="0">
              <value>
                <![CDATA["Verify that the user can view the impact of the created scenario and compare it with the default scenario"]]>
              </value>
            </param>
            <param index="1">
              <value>
                <![CDATA["Land on the View Scenario Impact Screen where the user should be able to view the Important Metric values and the scenario chart"]]>
              </value>
            </param>
          </params>
          <reporter-output>
          </reporter-output>
        </test-method> <!-- runScenario -->
        <test-method signature="runScenario(io.cucumber.testng.PickleWrapper,io.cucumber.testng.FeatureWrapper)[pri:0, instance:runners.TestRunner@5b12b668]" started-at="2025-08-12T16:09:53 IST" name="runScenario" description="Runs Cucumber Scenarios" data-provider="scenarios" finished-at="2025-08-12T16:10:58 IST" duration-ms="64930" status="PASS">
          <params>
            <param index="0">
              <value>
                <![CDATA["Verify that the user is able to choose a Metric and click on View Saved Scenario button, which then updates the screen with"]]>
              </value>
            </param>
            <param index="1">
              <value>
                <![CDATA["Land on the Overview screen of the Auto Root Cause Analysis and perform actions such as choosing a Metric, and interacting with Saved Customer Product Combinations and Saved Scenario Simulations table"]]>
              </value>
            </param>
          </params>
          <reporter-output>
          </reporter-output>
        </test-method> <!-- runScenario -->
        <test-method signature="runScenario(io.cucumber.testng.PickleWrapper,io.cucumber.testng.FeatureWrapper)[pri:0, instance:runners.TestRunner@5b12b668]" started-at="2025-08-12T16:10:58 IST" name="runScenario" description="Runs Cucumber Scenarios" data-provider="scenarios" finished-at="2025-08-12T16:12:25 IST" duration-ms="87267" status="FAIL">
          <params>
            <param index="0">
              <value>
                <![CDATA["Verify that the user is able to choose a metric and click the View Saved Scenario button, which then updates the screen with Saved Customer Product Combinations table and perform various actions"]]>
              </value>
            </param>
            <param index="1">
              <value>
                <![CDATA["Land on the Overview screen of the Auto Root Cause Analysis and perform actions such as choosing a Metric, and interacting with Saved Customer Product Combinations and Saved Scenario Simulations table"]]>
              </value>
            </param>
          </params>
          <exception class="org.openqa.selenium.TimeoutException">
            <message>
              <![CDATA[Expected condition failed: waiting for visibility of element located by By.xpath: /html/body/div[1]/div/div/div/div[2]/div[1]/div[2]/div[2]/div[3]/div/div/div/div/div/div/div[3]/div/div/div[1]/form/div (tried for 60 second(s) with 500 milliseconds interval)
Build info: version: '4.19.0', revision: '5f9cec8963'
System info: os.name: 'Windows 11', os.arch: 'amd64', os.version: '10.0', java.version: '21.0.6'
Driver info: org.openqa.selenium.chrome.ChromeDriver
Capabilities {acceptInsecureCerts: false, browserName: chrome, browserVersion: 138.0.7204.184, chrome: {chromedriverVersion: 138.0.7204.183 (e90faf484dd..., userDataDir: C:\Users\NagarajR\AppData\L...}, fedcm:accounts: true, goog:chromeOptions: {debuggerAddress: localhost:55129}, networkConnectionEnabled: false, pageLoadStrategy: normal, platformName: windows, proxy: Proxy(), se:cdp: ws://localhost:55129/devtoo..., se:cdpVersion: 138.0.7204.184, setWindowRect: true, strictFileInteractability: false, timeouts: {implicit: 0, pageLoad: 300000, script: 30000}, unhandledPromptBehavior: dismiss and notify, webauthn:extension:credBlob: true, webauthn:extension:largeBlob: true, webauthn:extension:minPinLength: true, webauthn:extension:prf: true, webauthn:virtualAuthenticators: true}
Session ID: 92fbcd473660097ba86489b6b351f03d]]>
            </message>
            <full-stacktrace>
              <![CDATA[org.openqa.selenium.TimeoutException: Expected condition failed: waiting for visibility of element located by By.xpath: /html/body/div[1]/div/div/div/div[2]/div[1]/div[2]/div[2]/div[3]/div/div/div/div/div/div/div[3]/div/div/div[1]/form/div (tried for 60 second(s) with 500 milliseconds interval)
Build info: version: '4.19.0', revision: '5f9cec8963'
System info: os.name: 'Windows 11', os.arch: 'amd64', os.version: '10.0', java.version: '21.0.6'
Driver info: org.openqa.selenium.chrome.ChromeDriver
Capabilities {acceptInsecureCerts: false, browserName: chrome, browserVersion: 138.0.7204.184, chrome: {chromedriverVersion: 138.0.7204.183 (e90faf484dd..., userDataDir: C:\Users\NagarajR\AppData\L...}, fedcm:accounts: true, goog:chromeOptions: {debuggerAddress: localhost:55129}, networkConnectionEnabled: false, pageLoadStrategy: normal, platformName: windows, proxy: Proxy(), se:cdp: ws://localhost:55129/devtoo..., se:cdpVersion: 138.0.7204.184, setWindowRect: true, strictFileInteractability: false, timeouts: {implicit: 0, pageLoad: 300000, script: 30000}, unhandledPromptBehavior: dismiss and notify, webauthn:extension:credBlob: true, webauthn:extension:largeBlob: true, webauthn:extension:minPinLength: true, webauthn:extension:prf: true, webauthn:virtualAuthenticators: true}
Session ID: 92fbcd473660097ba86489b6b351f03d
at org.openqa.selenium.support.ui.WebDriverWait.timeoutException(WebDriverWait.java:84)
at org.openqa.selenium.support.ui.FluentWait.until(FluentWait.java:228)
at pages.ARCA_OverviewPage.waitForElement(ARCA_OverviewPage.java:42)
at pages.ARCA_OverviewPage.navigateTo(ARCA_OverviewPage.java:253)
at stepdefinitions.ARCA_OverviewSteps.the_user_is_on_the_overview_screen_of_the_auto_root_cause_analysis(ARCA_OverviewSteps.java:27)
at ✽.the user is on the Overview screen of the Auto Root Cause Analysis(file:///C:/Users/NagarajR/git/WPC_USESI_Automation_Testing/WPC_UI_Automation/src/test/java/Features/8_ARCA_Overview.feature:17)
]]>
            </full-stacktrace>
          </exception> <!-- org.openqa.selenium.TimeoutException -->
          <reporter-output>
          </reporter-output>
        </test-method> <!-- runScenario -->
        <test-method signature="runScenario(io.cucumber.testng.PickleWrapper,io.cucumber.testng.FeatureWrapper)[pri:0, instance:runners.TestRunner@5b12b668]" started-at="2025-08-12T16:12:25 IST" name="runScenario" description="Runs Cucumber Scenarios" data-provider="scenarios" finished-at="2025-08-12T16:15:56 IST" duration-ms="211479" status="FAIL">
          <params>
            <param index="0">
              <value>
                <![CDATA["Verify that the user is able to choose a metric and click the View Saved Scenario button, which then updates the screen with Saved Customer Product Combinations table and perform various actions"]]>
              </value>
            </param>
            <param index="1">
              <value>
                <![CDATA["Land on the Overview screen of the Auto Root Cause Analysis and perform actions such as choosing a Metric, and interacting with Saved Customer Product Combinations and Saved Scenario Simulations table"]]>
              </value>
            </param>
          </params>
          <exception class="org.openqa.selenium.TimeoutException">
            <message>
              <![CDATA[Expected condition failed: waiting for visibility of element located by By.xpath: /html[1]/body[1]/div[1]/div[1]/div[1]/div[1]/div[2]/div[1]/div[2]/div[3]/div[3]/div[1]/div[1]/div[1]/div[1]/div[1]/div[1]/div[1]/div[1]/div[3]/div[1]/div[1]/div[1]/form[1]/div[1] (tried for 60 second(s) with 500 milliseconds interval)
Build info: version: '4.19.0', revision: '5f9cec8963'
System info: os.name: 'Windows 11', os.arch: 'amd64', os.version: '10.0', java.version: '21.0.6'
Driver info: org.openqa.selenium.chrome.ChromeDriver
Capabilities {acceptInsecureCerts: false, browserName: chrome, browserVersion: 138.0.7204.184, chrome: {chromedriverVersion: 138.0.7204.183 (e90faf484dd..., userDataDir: C:\Users\NagarajR\AppData\L...}, fedcm:accounts: true, goog:chromeOptions: {debuggerAddress: localhost:55345}, networkConnectionEnabled: false, pageLoadStrategy: normal, platformName: windows, proxy: Proxy(), se:cdp: ws://localhost:55345/devtoo..., se:cdpVersion: 138.0.7204.184, setWindowRect: true, strictFileInteractability: false, timeouts: {implicit: 0, pageLoad: 300000, script: 30000}, unhandledPromptBehavior: dismiss and notify, webauthn:extension:credBlob: true, webauthn:extension:largeBlob: true, webauthn:extension:minPinLength: true, webauthn:extension:prf: true, webauthn:virtualAuthenticators: true}
Session ID: bb582b89e7d60fca830e408c6daff1f1]]>
            </message>
            <full-stacktrace>
              <![CDATA[org.openqa.selenium.TimeoutException: Expected condition failed: waiting for visibility of element located by By.xpath: /html[1]/body[1]/div[1]/div[1]/div[1]/div[1]/div[2]/div[1]/div[2]/div[3]/div[3]/div[1]/div[1]/div[1]/div[1]/div[1]/div[1]/div[1]/div[1]/div[3]/div[1]/div[1]/div[1]/form[1]/div[1] (tried for 60 second(s) with 500 milliseconds interval)
Build info: version: '4.19.0', revision: '5f9cec8963'
System info: os.name: 'Windows 11', os.arch: 'amd64', os.version: '10.0', java.version: '21.0.6'
Driver info: org.openqa.selenium.chrome.ChromeDriver
Capabilities {acceptInsecureCerts: false, browserName: chrome, browserVersion: 138.0.7204.184, chrome: {chromedriverVersion: 138.0.7204.183 (e90faf484dd..., userDataDir: C:\Users\NagarajR\AppData\L...}, fedcm:accounts: true, goog:chromeOptions: {debuggerAddress: localhost:55345}, networkConnectionEnabled: false, pageLoadStrategy: normal, platformName: windows, proxy: Proxy(), se:cdp: ws://localhost:55345/devtoo..., se:cdpVersion: 138.0.7204.184, setWindowRect: true, strictFileInteractability: false, timeouts: {implicit: 0, pageLoad: 300000, script: 30000}, unhandledPromptBehavior: dismiss and notify, webauthn:extension:credBlob: true, webauthn:extension:largeBlob: true, webauthn:extension:minPinLength: true, webauthn:extension:prf: true, webauthn:virtualAuthenticators: true}
Session ID: bb582b89e7d60fca830e408c6daff1f1
at org.openqa.selenium.support.ui.WebDriverWait.timeoutException(WebDriverWait.java:84)
at org.openqa.selenium.support.ui.FluentWait.until(FluentWait.java:228)
at pages.ARCA_OverviewPage.waitForElement(ARCA_OverviewPage.java:42)
at pages.ARCA_OverviewPage.createNewScnearioBtnWithSelection(ARCA_OverviewPage.java:555)
at stepdefinitions.ARCA_OverviewSteps.the_user_should_be_able_to_click_the_create_new_scenario_button_and_get_redirected_to_the_create_scenario_screen_only_if_one_record_from_the_saved_customer_product_combinations_table_is_selected(ARCA_OverviewSteps.java:70)
at ✽.the user should be able to click the Create New Scenario button and get redirected to the Create Scenario screen only if one record from the Saved Customer Product Combinations table is selected(file:///C:/Users/NagarajR/git/WPC_USESI_Automation_Testing/WPC_UI_Automation/src/test/java/Features/8_ARCA_Overview.feature:44)
]]>
            </full-stacktrace>
          </exception> <!-- org.openqa.selenium.TimeoutException -->
          <reporter-output>
          </reporter-output>
        </test-method> <!-- runScenario -->
        <test-method signature="runScenario(io.cucumber.testng.PickleWrapper,io.cucumber.testng.FeatureWrapper)[pri:0, instance:runners.TestRunner@5b12b668]" started-at="2025-08-12T16:15:56 IST" name="runScenario" description="Runs Cucumber Scenarios" data-provider="scenarios" finished-at="2025-08-12T16:18:13 IST" duration-ms="136160" status="PASS">
          <params>
            <param index="0">
              <value>
                <![CDATA["Verify that the user is able to choose a metric and click the View Saved Scenario button, which then updates the screen with Saved Scenario Simulations table and perform various actions"]]>
              </value>
            </param>
            <param index="1">
              <value>
                <![CDATA["Land on the Overview screen of the Auto Root Cause Analysis and perform actions such as choosing a Metric, and interacting with Saved Customer Product Combinations and Saved Scenario Simulations table"]]>
              </value>
            </param>
          </params>
          <reporter-output>
          </reporter-output>
        </test-method> <!-- runScenario -->
        <test-method signature="runScenario(io.cucumber.testng.PickleWrapper,io.cucumber.testng.FeatureWrapper)[pri:0, instance:runners.TestRunner@5b12b668]" started-at="2025-08-12T16:18:13 IST" name="runScenario" description="Runs Cucumber Scenarios" data-provider="scenarios" finished-at="2025-08-12T16:20:03 IST" duration-ms="109854" status="PASS">
          <params>
            <param index="0">
              <value>
                <![CDATA["Verify that the user is able to choose a metric and click the View Saved Scenario button, which then updates the screen with Saved Scenario Simulations table and perform various actions"]]>
              </value>
            </param>
            <param index="1">
              <value>
                <![CDATA["Land on the Overview screen of the Auto Root Cause Analysis and perform actions such as choosing a Metric, and interacting with Saved Customer Product Combinations and Saved Scenario Simulations table"]]>
              </value>
            </param>
          </params>
          <reporter-output>
          </reporter-output>
        </test-method> <!-- runScenario -->
        <test-method signature="runScenario(io.cucumber.testng.PickleWrapper,io.cucumber.testng.FeatureWrapper)[pri:0, instance:runners.TestRunner@5b12b668]" started-at="2025-08-12T16:20:03 IST" name="runScenario" description="Runs Cucumber Scenarios" data-provider="scenarios" finished-at="2025-08-12T16:23:35 IST" duration-ms="212065" status="FAIL">
          <params>
            <param index="0">
              <value>
                <![CDATA["Verify that the user is able to interact with filters and select customers from the plot and save the selection"]]>
              </value>
            </param>
            <param index="1">
              <value>
                <![CDATA["Land on the Customer Analysis screen where the user should be able to interact with filters and select the customer from the plot"]]>
              </value>
            </param>
          </params>
          <exception class="org.openqa.selenium.TimeoutException">
            <message>
              <![CDATA[Expected condition failed: waiting for visibility of element located by By.xpath: /html[1]/body[1]/div[1]/div[1]/div[1]/div[1]/div[2]/div[1]/div[2]/div[2]/div[1]/div[1]/div[1]/div[1]/div[1]/div[1]/div[2]/div[1]/div[1]/fieldset[1]/div[2]/label[1]/span[2]/div[1]/span[2] (tried for 100 second(s) with 500 milliseconds interval)
Build info: version: '4.19.0', revision: '5f9cec8963'
System info: os.name: 'Windows 11', os.arch: 'amd64', os.version: '10.0', java.version: '21.0.6'
Driver info: org.openqa.selenium.chrome.ChromeDriver
Capabilities {acceptInsecureCerts: false, browserName: chrome, browserVersion: 138.0.7204.184, chrome: {chromedriverVersion: 138.0.7204.183 (e90faf484dd..., userDataDir: C:\Users\NagarajR\AppData\L...}, fedcm:accounts: true, goog:chromeOptions: {debuggerAddress: localhost:56146}, networkConnectionEnabled: false, pageLoadStrategy: normal, platformName: windows, proxy: Proxy(), se:cdp: ws://localhost:56146/devtoo..., se:cdpVersion: 138.0.7204.184, setWindowRect: true, strictFileInteractability: false, timeouts: {implicit: 0, pageLoad: 300000, script: 30000}, unhandledPromptBehavior: dismiss and notify, webauthn:extension:credBlob: true, webauthn:extension:largeBlob: true, webauthn:extension:minPinLength: true, webauthn:extension:prf: true, webauthn:virtualAuthenticators: true}
Session ID: cfebc05ffcbe1834e2f70c7b286f002c]]>
            </message>
            <full-stacktrace>
              <![CDATA[org.openqa.selenium.TimeoutException: Expected condition failed: waiting for visibility of element located by By.xpath: /html[1]/body[1]/div[1]/div[1]/div[1]/div[1]/div[2]/div[1]/div[2]/div[2]/div[1]/div[1]/div[1]/div[1]/div[1]/div[1]/div[2]/div[1]/div[1]/fieldset[1]/div[2]/label[1]/span[2]/div[1]/span[2] (tried for 100 second(s) with 500 milliseconds interval)
Build info: version: '4.19.0', revision: '5f9cec8963'
System info: os.name: 'Windows 11', os.arch: 'amd64', os.version: '10.0', java.version: '21.0.6'
Driver info: org.openqa.selenium.chrome.ChromeDriver
Capabilities {acceptInsecureCerts: false, browserName: chrome, browserVersion: 138.0.7204.184, chrome: {chromedriverVersion: 138.0.7204.183 (e90faf484dd..., userDataDir: C:\Users\NagarajR\AppData\L...}, fedcm:accounts: true, goog:chromeOptions: {debuggerAddress: localhost:56146}, networkConnectionEnabled: false, pageLoadStrategy: normal, platformName: windows, proxy: Proxy(), se:cdp: ws://localhost:56146/devtoo..., se:cdpVersion: 138.0.7204.184, setWindowRect: true, strictFileInteractability: false, timeouts: {implicit: 0, pageLoad: 300000, script: 30000}, unhandledPromptBehavior: dismiss and notify, webauthn:extension:credBlob: true, webauthn:extension:largeBlob: true, webauthn:extension:minPinLength: true, webauthn:extension:prf: true, webauthn:virtualAuthenticators: true}
Session ID: cfebc05ffcbe1834e2f70c7b286f002c
at org.openqa.selenium.support.ui.WebDriverWait.timeoutException(WebDriverWait.java:84)
at org.openqa.selenium.support.ui.FluentWait.until(FluentWait.java:228)
at pages.ARCA_CustomerAnalysisPage.waitForElement(ARCA_CustomerAnalysisPage.java:43)
at pages.ARCA_CustomerAnalysisPage.filtersTo(ARCA_CustomerAnalysisPage.java:308)
at stepdefinitions.ARCA_CustomerAnalysisSteps.the_user_clicks_on_filters_and_select_options_based_on_the_requirements(ARCA_CustomerAnalysisSteps.java:30)
at ✽.the user clicks on Filters and select options based on the requirements(file:///C:/Users/NagarajR/git/WPC_USESI_Automation_Testing/WPC_UI_Automation/src/test/java/Features/9_1_ARCA_CustomerAnalysis.feature:9)
]]>
            </full-stacktrace>
          </exception> <!-- org.openqa.selenium.TimeoutException -->
          <reporter-output>
          </reporter-output>
        </test-method> <!-- runScenario -->
        <test-method signature="runScenario(io.cucumber.testng.PickleWrapper,io.cucumber.testng.FeatureWrapper)[pri:0, instance:runners.TestRunner@5b12b668]" started-at="2025-08-12T16:23:35 IST" name="runScenario" description="Runs Cucumber Scenarios" data-provider="scenarios" finished-at="2025-08-12T16:25:07 IST" duration-ms="92627" status="PASS">
          <params>
            <param index="0">
              <value>
                <![CDATA["Verify that the user is able to select the customer and corresponding commodity codes from the tree map"]]>
              </value>
            </param>
            <param index="1">
              <value>
                <![CDATA["Land on the Filter Customer and Product Combinations screen where the user should be able to select customers and their associated commodity codes"]]>
              </value>
            </param>
          </params>
          <reporter-output>
          </reporter-output>
        </test-method> <!-- runScenario -->
        <test-method signature="runScenario(io.cucumber.testng.PickleWrapper,io.cucumber.testng.FeatureWrapper)[pri:0, instance:runners.TestRunner@5b12b668]" started-at="2025-08-12T16:25:07 IST" name="runScenario" description="Runs Cucumber Scenarios" data-provider="scenarios" finished-at="2025-08-12T16:26:34 IST" duration-ms="87135" status="PASS">
          <params>
            <param index="0">
              <value>
                <![CDATA["Verify whether the user is able to select the customer from the Select One Customer for Simulation table"]]>
              </value>
            </param>
            <param index="1">
              <value>
                <![CDATA["Land on the Customer Selection screen where the user should be able to select the customer and the corresponding commodity code for the simulation"]]>
              </value>
            </param>
          </params>
          <reporter-output>
          </reporter-output>
        </test-method> <!-- runScenario -->
        <test-method signature="runScenario(io.cucumber.testng.PickleWrapper,io.cucumber.testng.FeatureWrapper)[pri:0, instance:runners.TestRunner@5b12b668]" started-at="2025-08-12T16:26:34 IST" name="runScenario" description="Runs Cucumber Scenarios" data-provider="scenarios" finished-at="2025-08-12T16:27:56 IST" duration-ms="82079" status="PASS">
          <params>
            <param index="0">
              <value>
                <![CDATA["Verify whether the user is able to search and select the customer from the Select One Customer for Simulation table"]]>
              </value>
            </param>
            <param index="1">
              <value>
                <![CDATA["Land on the Customer Selection screen where the user should be able to select the customer and the corresponding commodity code for the simulation"]]>
              </value>
            </param>
          </params>
          <reporter-output>
          </reporter-output>
        </test-method> <!-- runScenario -->
        <test-method signature="runScenario(io.cucumber.testng.PickleWrapper,io.cucumber.testng.FeatureWrapper)[pri:0, instance:runners.TestRunner@5b12b668]" started-at="2025-08-12T16:27:56 IST" name="runScenario" description="Runs Cucumber Scenarios" data-provider="scenarios" finished-at="2025-08-12T16:29:33 IST" duration-ms="96481" status="PASS">
          <params>
            <param index="0">
              <value>
                <![CDATA["Verify whether the user is able to select or multiselect the commodity code from the Select Root Cause Product for Simulation for the selected customer table"]]>
              </value>
            </param>
            <param index="1">
              <value>
                <![CDATA["Land on the Customer Selection screen where the user should be able to select the customer and the corresponding commodity code for the simulation"]]>
              </value>
            </param>
          </params>
          <reporter-output>
          </reporter-output>
        </test-method> <!-- runScenario -->
        <test-method signature="runScenario(io.cucumber.testng.PickleWrapper,io.cucumber.testng.FeatureWrapper)[pri:0, instance:runners.TestRunner@5b12b668]" started-at="2025-08-12T16:29:33 IST" name="runScenario" description="Runs Cucumber Scenarios" data-provider="scenarios" finished-at="2025-08-12T16:31:20 IST" duration-ms="107187" status="PASS">
          <params>
            <param index="0">
              <value>
                <![CDATA["Verify whether the user is able to view the Pricing and Profit Bridge chart for the selected Customer - Commodity code combination and create a scenario simulation"]]>
              </value>
            </param>
            <param index="1">
              <value>
                <![CDATA["Land on the Profit Bridge screen where the user should be able to view the Pricing and Profit Bridge chart for the created customer - commodity code combination"]]>
              </value>
            </param>
          </params>
          <reporter-output>
          </reporter-output>
        </test-method> <!-- runScenario -->
        <test-method signature="runScenario(io.cucumber.testng.PickleWrapper,io.cucumber.testng.FeatureWrapper)[pri:0, instance:runners.TestRunner@5b12b668]" started-at="2025-08-12T16:31:20 IST" name="runScenario" description="Runs Cucumber Scenarios" data-provider="scenarios" finished-at="2025-08-12T16:33:04 IST" duration-ms="104074" status="PASS">
          <params>
            <param index="0">
              <value>
                <![CDATA["Verify that the user is able to create a scenario using the Move To A New Customer Price Class simulation"]]>
              </value>
            </param>
            <param index="1">
              <value>
                <![CDATA["Land on the Create Scenario screen where the user will be able to create the scenario based on the simulation options"]]>
              </value>
            </param>
          </params>
          <reporter-output>
          </reporter-output>
        </test-method> <!-- runScenario -->
        <test-method signature="runScenario(io.cucumber.testng.PickleWrapper,io.cucumber.testng.FeatureWrapper)[pri:0, instance:runners.TestRunner@5b12b668]" started-at="2025-08-12T16:33:04 IST" name="runScenario" description="Runs Cucumber Scenarios" data-provider="scenarios" finished-at="2025-08-12T16:35:00 IST" duration-ms="115540" status="FAIL">
          <params>
            <param index="0">
              <value>
                <![CDATA["Verify user logs in to the WPC - USESI application with valid credentials"]]>
              </value>
            </param>
            <param index="1">
              <value>
                <![CDATA["Login to WPC - USESI application"]]>
              </value>
            </param>
          </params>
          <exception class="org.openqa.selenium.TimeoutException">
            <message>
              <![CDATA[Expected condition failed: waiting for visibility of element located by By.xpath: /html[1]/body[1]/div[1]/div[1]/div[1]/div[1]/div[2]/div[2]/div[1]/div[1]/div[1]/div[3]/div[1]/div[1]/div[1]/input[1] (tried for 90 second(s) with 500 milliseconds interval)
Build info: version: '4.19.0', revision: '5f9cec8963'
System info: os.name: 'Windows 11', os.arch: 'amd64', os.version: '10.0', java.version: '21.0.6'
Driver info: org.openqa.selenium.chrome.ChromeDriver
Capabilities {acceptInsecureCerts: false, browserName: chrome, browserVersion: 138.0.7204.184, chrome: {chromedriverVersion: 138.0.7204.183 (e90faf484dd..., userDataDir: C:\Users\NagarajR\AppData\L...}, fedcm:accounts: true, goog:chromeOptions: {debuggerAddress: localhost:58167}, networkConnectionEnabled: false, pageLoadStrategy: normal, platformName: windows, proxy: Proxy(), se:cdp: ws://localhost:58167/devtoo..., se:cdpVersion: 138.0.7204.184, setWindowRect: true, strictFileInteractability: false, timeouts: {implicit: 0, pageLoad: 300000, script: 30000}, unhandledPromptBehavior: dismiss and notify, webauthn:extension:credBlob: true, webauthn:extension:largeBlob: true, webauthn:extension:minPinLength: true, webauthn:extension:prf: true, webauthn:virtualAuthenticators: true}
Session ID: 8bd7ae8909cf7e39c53b224678ed270b]]>
            </message>
            <full-stacktrace>
              <![CDATA[org.openqa.selenium.TimeoutException: Expected condition failed: waiting for visibility of element located by By.xpath: /html[1]/body[1]/div[1]/div[1]/div[1]/div[1]/div[2]/div[2]/div[1]/div[1]/div[1]/div[3]/div[1]/div[1]/div[1]/input[1] (tried for 90 second(s) with 500 milliseconds interval)
Build info: version: '4.19.0', revision: '5f9cec8963'
System info: os.name: 'Windows 11', os.arch: 'amd64', os.version: '10.0', java.version: '21.0.6'
Driver info: org.openqa.selenium.chrome.ChromeDriver
Capabilities {acceptInsecureCerts: false, browserName: chrome, browserVersion: 138.0.7204.184, chrome: {chromedriverVersion: 138.0.7204.183 (e90faf484dd..., userDataDir: C:\Users\NagarajR\AppData\L...}, fedcm:accounts: true, goog:chromeOptions: {debuggerAddress: localhost:58167}, networkConnectionEnabled: false, pageLoadStrategy: normal, platformName: windows, proxy: Proxy(), se:cdp: ws://localhost:58167/devtoo..., se:cdpVersion: 138.0.7204.184, setWindowRect: true, strictFileInteractability: false, timeouts: {implicit: 0, pageLoad: 300000, script: 30000}, unhandledPromptBehavior: dismiss and notify, webauthn:extension:credBlob: true, webauthn:extension:largeBlob: true, webauthn:extension:minPinLength: true, webauthn:extension:prf: true, webauthn:virtualAuthenticators: true}
Session ID: 8bd7ae8909cf7e39c53b224678ed270b
at org.openqa.selenium.support.ui.WebDriverWait.timeoutException(WebDriverWait.java:84)
at org.openqa.selenium.support.ui.FluentWait.until(FluentWait.java:228)
at pages.LoginPage.waitForElement(LoginPage.java:32)
at pages.LoginPage.navigateTo(LoginPage.java:65)
at stepdefinitions.LoginSteps.the_user_is_on_the_login_page(LoginSteps.java:28)
at ✽.the user is on the login page(file:///C:/Users/NagarajR/git/WPC_USESI_Automation_Testing/WPC_UI_Automation/src/test/java/Features/9_6_Login.feature:5)
]]>
            </full-stacktrace>
          </exception> <!-- org.openqa.selenium.TimeoutException -->
          <reporter-output>
          </reporter-output>
        </test-method> <!-- runScenario -->
        <test-method signature="runScenario(io.cucumber.testng.PickleWrapper,io.cucumber.testng.FeatureWrapper)[pri:0, instance:runners.TestRunner@5b12b668]" started-at="2025-08-12T16:35:00 IST" name="runScenario" description="Runs Cucumber Scenarios" data-provider="scenarios" finished-at="2025-08-12T16:36:57 IST" duration-ms="117738" status="FAIL">
          <params>
            <param index="0">
              <value>
                <![CDATA["Verify user login fails to the WPC - USESI application with invalid credentials"]]>
              </value>
            </param>
            <param index="1">
              <value>
                <![CDATA["Login to WPC - USESI application"]]>
              </value>
            </param>
          </params>
          <exception class="org.openqa.selenium.TimeoutException">
            <message>
              <![CDATA[Expected condition failed: waiting for visibility of element located by By.xpath: /html[1]/body[1]/div[1]/div[1]/div[1]/div[1]/div[2]/div[2]/div[1]/div[1]/div[1]/div[3]/div[1]/div[1]/div[1]/input[1] (tried for 90 second(s) with 500 milliseconds interval)
Build info: version: '4.19.0', revision: '5f9cec8963'
System info: os.name: 'Windows 11', os.arch: 'amd64', os.version: '10.0', java.version: '21.0.6'
Driver info: org.openqa.selenium.chrome.ChromeDriver
Capabilities {acceptInsecureCerts: false, browserName: chrome, browserVersion: 138.0.7204.184, chrome: {chromedriverVersion: 138.0.7204.183 (e90faf484dd..., userDataDir: C:\Users\NagarajR\AppData\L...}, fedcm:accounts: true, goog:chromeOptions: {debuggerAddress: localhost:58355}, networkConnectionEnabled: false, pageLoadStrategy: normal, platformName: windows, proxy: Proxy(), se:cdp: ws://localhost:58355/devtoo..., se:cdpVersion: 138.0.7204.184, setWindowRect: true, strictFileInteractability: false, timeouts: {implicit: 0, pageLoad: 300000, script: 30000}, unhandledPromptBehavior: dismiss and notify, webauthn:extension:credBlob: true, webauthn:extension:largeBlob: true, webauthn:extension:minPinLength: true, webauthn:extension:prf: true, webauthn:virtualAuthenticators: true}
Session ID: 441cdfc6181f5056098a5014d57ac65f]]>
            </message>
            <full-stacktrace>
              <![CDATA[org.openqa.selenium.TimeoutException: Expected condition failed: waiting for visibility of element located by By.xpath: /html[1]/body[1]/div[1]/div[1]/div[1]/div[1]/div[2]/div[2]/div[1]/div[1]/div[1]/div[3]/div[1]/div[1]/div[1]/input[1] (tried for 90 second(s) with 500 milliseconds interval)
Build info: version: '4.19.0', revision: '5f9cec8963'
System info: os.name: 'Windows 11', os.arch: 'amd64', os.version: '10.0', java.version: '21.0.6'
Driver info: org.openqa.selenium.chrome.ChromeDriver
Capabilities {acceptInsecureCerts: false, browserName: chrome, browserVersion: 138.0.7204.184, chrome: {chromedriverVersion: 138.0.7204.183 (e90faf484dd..., userDataDir: C:\Users\NagarajR\AppData\L...}, fedcm:accounts: true, goog:chromeOptions: {debuggerAddress: localhost:58355}, networkConnectionEnabled: false, pageLoadStrategy: normal, platformName: windows, proxy: Proxy(), se:cdp: ws://localhost:58355/devtoo..., se:cdpVersion: 138.0.7204.184, setWindowRect: true, strictFileInteractability: false, timeouts: {implicit: 0, pageLoad: 300000, script: 30000}, unhandledPromptBehavior: dismiss and notify, webauthn:extension:credBlob: true, webauthn:extension:largeBlob: true, webauthn:extension:minPinLength: true, webauthn:extension:prf: true, webauthn:virtualAuthenticators: true}
Session ID: 441cdfc6181f5056098a5014d57ac65f
at org.openqa.selenium.support.ui.WebDriverWait.timeoutException(WebDriverWait.java:84)
at org.openqa.selenium.support.ui.FluentWait.until(FluentWait.java:228)
at pages.LoginPage.waitForElement(LoginPage.java:32)
at pages.LoginPage.navigateTo(LoginPage.java:65)
at stepdefinitions.LoginSteps.the_user_is_on_the_login_page(LoginSteps.java:28)
at ✽.the user is on the login page(file:///C:/Users/NagarajR/git/WPC_USESI_Automation_Testing/WPC_UI_Automation/src/test/java/Features/9_6_Login.feature:12)
]]>
            </full-stacktrace>
          </exception> <!-- org.openqa.selenium.TimeoutException -->
          <reporter-output>
          </reporter-output>
        </test-method> <!-- runScenario -->
        <test-method is-config="true" signature="tearDownClass()[pri:0, instance:runners.TestRunner@5b12b668]" started-at="2025-08-12T16:36:57 IST" name="tearDownClass" finished-at="2025-08-12T16:36:58 IST" duration-ms="817" status="PASS">
          <reporter-output>
          </reporter-output>
        </test-method> <!-- tearDownClass -->
      </class> <!-- runners.TestRunner -->
    </test> <!-- Default test -->
  </suite> <!-- Default suite -->
</testng-results>
